<?xml version="1.0" encoding="UTF-8"?>
<!-- Generated by org.testng.reporters.JUnitXMLReporter -->
<testsuite ignored="0" hostname="LAPTOP-820ERDM2" failures="0" tests="2" name="Firefox" time="0.049" errors="0" timestamp="2022-09-25T23:28:46 IST">
  <testcase classname="test.Testng2crossbrowser" name="@BeforeMethod gotoRoompage" time="0.004">
    <failure type="java.lang.NullPointerException" message="Cannot invoke &amp;quot;org.openqa.selenium.WebDriver.get(String)&amp;quot; because &amp;quot;this.driver&amp;quot; is null">
      <![CDATA[java.lang.NullPointerException: Cannot invoke "org.openqa.selenium.WebDriver.get(String)" because "this.driver" is null
at test.Testng2crossbrowser.gotoRoompage(Testng2crossbrowser.java:47)
at java.base/java.util.concurrent.ThreadPoolExecutor.runWorker(ThreadPoolExecutor.java:1136)
at java.base/java.util.concurrent.ThreadPoolExecutor$Worker.run(ThreadPoolExecutor.java:635)
at java.base/java.lang.Thread.run(Thread.java:833)
... Removed 14 stack frames]]>
    </failure>
  </testcase> <!-- @BeforeMethod gotoRoompage -->
  <testcase classname="test.Testng2crossbrowser" name="@AfterMethod aftermethod" time="-1.664128726815E9">
    <skipped/>
  </testcase> <!-- @AfterMethod aftermethod -->
  <testcase classname="test.Testng2crossbrowser" name="@BeforeMethod gotoRoompage" time="-1.66412872682E9">
    <skipped/>
  </testcase> <!-- @BeforeMethod gotoRoompage -->
  <testcase classname="test.Testng2crossbrowser" name="@AfterMethod aftermethod" time="-1.664128726825E9">
    <skipped/>
  </testcase> <!-- @AfterMethod aftermethod -->
  <testcase classname="test.Testng2crossbrowser" name="@AfterClass Objectclossed" time="-1.664128726828E9">
    <skipped/>
  </testcase> <!-- @AfterClass Objectclossed -->
  <testcase classname="test.Testng2crossbrowser" name="@AfterTest aftertest" time="-1.664128726831E9">
    <skipped/>
  </testcase> <!-- @AfterTest aftertest -->
  <testcase classname="test.Testng2crossbrowser" name="Verifygotohelfcenter" time="0.0">
    <skipped/>
  </testcase> <!-- Verifygotohelfcenter -->
  <testcase classname="test.Testng2crossbrowser" name="Verifygotomessengerpage" time="0.0">
    <skipped/>
  </testcase> <!-- Verifygotomessengerpage -->
</testsuite> <!-- Firefox -->
