<?xml version="1.0" encoding="UTF-8"?>
<!-- Generated by org.testng.reporters.JUnitXMLReporter -->
<testsuite ignored="0" hostname="LAPTOP-820ERDM2" failures="0" tests="2" name="Firefox" time="0.072" errors="0" timestamp="2022-09-28T16:33:56 IST">
  <testcase classname="test.Newif_elsebrowsersetup" name="@BeforeMethod gotoRoompage" time="0.003">
    <failure type="java.lang.NullPointerException" message="Cannot invoke &amp;quot;org.openqa.selenium.WebDriver.get(String)&amp;quot; because &amp;quot;this.driver&amp;quot; is null">
      <![CDATA[java.lang.NullPointerException: Cannot invoke "org.openqa.selenium.WebDriver.get(String)" because "this.driver" is null
at test.Newif_elsebrowsersetup.gotoRoompage(Newif_elsebrowsersetup.java:52)
at java.base/java.util.ArrayList.forEach(ArrayList.java:1511)
... Removed 29 stack frames]]>
    </failure>
  </testcase> <!-- @BeforeMethod gotoRoompage -->
  <testcase classname="test.Newif_elsebrowsersetup" name="@AfterMethod aftermethod" time="-1.664363036081E9">
    <skipped/>
  </testcase> <!-- @AfterMethod aftermethod -->
  <testcase classname="test.Newif_elsebrowsersetup" name="@BeforeMethod gotoRoompage" time="-1.664363036088E9">
    <skipped/>
  </testcase> <!-- @BeforeMethod gotoRoompage -->
  <testcase classname="test.Newif_elsebrowsersetup" name="@AfterMethod aftermethod" time="-1.664363036101E9">
    <skipped/>
  </testcase> <!-- @AfterMethod aftermethod -->
  <testcase classname="test.Newif_elsebrowsersetup" name="@AfterClass Objectclossed" time="-1.664363036107E9">
    <skipped/>
  </testcase> <!-- @AfterClass Objectclossed -->
  <testcase classname="test.Newif_elsebrowsersetup" name="@AfterTest aftertest" time="-1.664363036109E9">
    <skipped/>
  </testcase> <!-- @AfterTest aftertest -->
  <testcase classname="test.Newif_elsebrowsersetup" name="Verifygotohelfcenter" time="0.0">
    <skipped/>
  </testcase> <!-- Verifygotohelfcenter -->
  <testcase classname="test.Newif_elsebrowsersetup" name="Verifygotomessengerpage" time="0.0">
    <skipped/>
  </testcase> <!-- Verifygotomessengerpage -->
</testsuite> <!-- Firefox -->
